<?xml version="1.0" encoding="UTF-8" ?>
<testsuite failures="1" time="18.802" errors="0" skipped="0" tests="1" name="TestSuite">
  <properties>
    <property name="java.runtime.name" value="Java(TM) SE Runtime Environment"/>
    <property name="sun.boot.library.path" value="/usr/lib/jvm/java-6-oracle/jre/lib/amd64"/>
    <property name="java.vm.version" value="20.45-b01"/>
    <property name="java.vm.vendor" value="Sun Microsystems Inc."/>
    <property name="java.vendor.url" value="http://java.sun.com/"/>
    <property name="path.separator" value=":"/>
    <property name="java.vm.name" value="Java HotSpot(TM) 64-Bit Server VM"/>
    <property name="file.encoding.pkg" value="sun.io"/>
    <property name="user.country" value="US"/>
    <property name="sun.java.launcher" value="SUN_STANDARD"/>
    <property name="sun.os.patch.level" value="unknown"/>
    <property name="java.vm.specification.name" value="Java Virtual Machine Specification"/>
    <property name="user.dir" value="/home/oilnyt/IdeaProjects/MySecondProject/target"/>
    <property name="java.runtime.version" value="1.6.0_45-b06"/>
    <property name="java.awt.graphicsenv" value="sun.awt.X11GraphicsEnvironment"/>
    <property name="basedir" value="/home/oilnyt/IdeaProjects/MySecondProject"/>
    <property name="java.endorsed.dirs" value="/usr/lib/jvm/java-6-oracle/jre/lib/endorsed"/>
    <property name="os.arch" value="amd64"/>
    <property name="surefire.real.class.path" value="/tmp/surefirebooter3396039815168263162.jar"/>
    <property name="java.io.tmpdir" value="/tmp"/>
    <property name="line.separator" value="
"/>
    <property name="java.vm.specification.vendor" value="Sun Microsystems Inc."/>
    <property name="os.name" value="Linux"/>
    <property name="sun.jnu.encoding" value="UTF-8"/>
    <property name="java.library.path" value="/usr/lib/jvm/java-6-oracle/jre/lib/amd64/server:/usr/lib/jvm/java-6-oracle/jre/lib/amd64:/usr/lib/jvm/java-6-oracle/jre/../lib/amd64:/usr/java/packages/lib/amd64:/usr/lib64:/lib64:/lib:/usr/lib"/>
    <property name="surefire.test.class.path" value="/home/oilnyt/IdeaProjects/MySecondProject/target/test-classes:/home/oilnyt/IdeaProjects/MySecondProject/target/classes:/home/oilnyt/.m2/repository/org/seleniumhq/selenium/selenium-java/2.37.1/selenium-java-2.37.1.jar:/home/oilnyt/.m2/repository/org/seleniumhq/selenium/selenium-android-driver/2.37.1/selenium-android-driver-2.37.1.jar:/home/oilnyt/.m2/repository/org/seleniumhq/selenium/selenium-remote-driver/2.37.1/selenium-remote-driver-2.37.1.jar:/home/oilnyt/.m2/repository/cglib/cglib-nodep/2.1_3/cglib-nodep-2.1_3.jar:/home/oilnyt/.m2/repository/org/json/json/20080701/json-20080701.jar:/home/oilnyt/.m2/repository/com/google/guava/guava/15.0/guava-15.0.jar:/home/oilnyt/.m2/repository/org/seleniumhq/selenium/selenium-chrome-driver/2.37.1/selenium-chrome-driver-2.37.1.jar:/home/oilnyt/.m2/repository/org/seleniumhq/selenium/selenium-htmlunit-driver/2.37.1/selenium-htmlunit-driver-2.37.1.jar:/home/oilnyt/.m2/repository/net/sourceforge/htmlunit/htmlunit/2.13/htmlunit-2.13.jar:/home/oilnyt/.m2/repository/xalan/xalan/2.7.1/xalan-2.7.1.jar:/home/oilnyt/.m2/repository/xalan/serializer/2.7.1/serializer-2.7.1.jar:/home/oilnyt/.m2/repository/commons-collections/commons-collections/3.2.1/commons-collections-3.2.1.jar:/home/oilnyt/.m2/repository/org/apache/commons/commons-lang3/3.1/commons-lang3-3.1.jar:/home/oilnyt/.m2/repository/org/apache/httpcomponents/httpmime/4.3.1/httpmime-4.3.1.jar:/home/oilnyt/.m2/repository/commons-codec/commons-codec/1.8/commons-codec-1.8.jar:/home/oilnyt/.m2/repository/net/sourceforge/htmlunit/htmlunit-core-js/2.13/htmlunit-core-js-2.13.jar:/home/oilnyt/.m2/repository/xerces/xercesImpl/2.11.0/xercesImpl-2.11.0.jar:/home/oilnyt/.m2/repository/xml-apis/xml-apis/1.4.01/xml-apis-1.4.01.jar:/home/oilnyt/.m2/repository/net/sourceforge/nekohtml/nekohtml/1.9.19/nekohtml-1.9.19.jar:/home/oilnyt/.m2/repository/net/sourceforge/cssparser/cssparser/0.9.11/cssparser-0.9.11.jar:/home/oilnyt/.m2/repository/org/w3c/css/sac/1.3/sac-1.3.jar:/home/oilnyt/.m2/repository/commons-logging/commons-logging/1.1.3/commons-logging-1.1.3.jar:/home/oilnyt/.m2/repository/org/eclipse/jetty/jetty-websocket/8.1.12.v20130726/jetty-websocket-8.1.12.v20130726.jar:/home/oilnyt/.m2/repository/org/eclipse/jetty/jetty-util/8.1.12.v20130726/jetty-util-8.1.12.v20130726.jar:/home/oilnyt/.m2/repository/org/eclipse/jetty/jetty-io/8.1.12.v20130726/jetty-io-8.1.12.v20130726.jar:/home/oilnyt/.m2/repository/org/eclipse/jetty/jetty-http/8.1.12.v20130726/jetty-http-8.1.12.v20130726.jar:/home/oilnyt/.m2/repository/org/apache/httpcomponents/httpclient/4.3/httpclient-4.3.jar:/home/oilnyt/.m2/repository/org/apache/httpcomponents/httpcore/4.3/httpcore-4.3.jar:/home/oilnyt/.m2/repository/org/seleniumhq/selenium/selenium-firefox-driver/2.37.1/selenium-firefox-driver-2.37.1.jar:/home/oilnyt/.m2/repository/commons-io/commons-io/2.2/commons-io-2.2.jar:/home/oilnyt/.m2/repository/org/apache/commons/commons-exec/1.1/commons-exec-1.1.jar:/home/oilnyt/.m2/repository/org/seleniumhq/selenium/selenium-ie-driver/2.37.1/selenium-ie-driver-2.37.1.jar:/home/oilnyt/.m2/repository/net/java/dev/jna/jna/3.4.0/jna-3.4.0.jar:/home/oilnyt/.m2/repository/net/java/dev/jna/platform/3.4.0/platform-3.4.0.jar:/home/oilnyt/.m2/repository/org/seleniumhq/selenium/selenium-iphone-driver/2.37.1/selenium-iphone-driver-2.37.1.jar:/home/oilnyt/.m2/repository/org/seleniumhq/selenium/selenium-safari-driver/2.37.1/selenium-safari-driver-2.37.1.jar:/home/oilnyt/.m2/repository/org/seleniumhq/selenium/selenium-support/2.37.1/selenium-support-2.37.1.jar:/home/oilnyt/.m2/repository/org/seleniumhq/selenium/selenium-api/2.37.1/selenium-api-2.37.1.jar:/home/oilnyt/.m2/repository/org/webbitserver/webbit/0.4.14/webbit-0.4.14.jar:/home/oilnyt/.m2/repository/io/netty/netty/3.5.2.Final/netty-3.5.2.Final.jar:/home/oilnyt/.m2/repository/org/testng/testng/6.3.1/testng-6.3.1.jar:/home/oilnyt/.m2/repository/org/beanshell/bsh/2.0b4/bsh-2.0b4.jar:/home/oilnyt/.m2/repository/com/beust/jcommander/1.12/jcommander-1.12.jar:/home/oilnyt/.m2/repository/org/yaml/snakeyaml/1.6/snakeyaml-1.6.jar:/home/oilnyt/.m2/repository/junit/junit/4.11/junit-4.11.jar:/home/oilnyt/.m2/repository/org/hamcrest/hamcrest-core/1.3/hamcrest-core-1.3.jar:/home/oilnyt/.m2/repository/org/uncommons/reportng/1.1.2/reportng-1.1.2.jar:/home/oilnyt/.m2/repository/velocity/velocity/1.4/velocity-1.4.jar:/home/oilnyt/.m2/repository/velocity/velocity-dep/1.4/velocity-dep-1.4.jar:/home/oilnyt/.m2/repository/com/google/inject/guice/3.0/guice-3.0.jar:/home/oilnyt/.m2/repository/javax/inject/javax.inject/1/javax.inject-1.jar:/home/oilnyt/.m2/repository/aopalliance/aopalliance/1.0/aopalliance-1.0.jar:"/>
    <property name="java.specification.name" value="Java Platform API Specification"/>
    <property name="java.class.version" value="50.0"/>
    <property name="sun.management.compiler" value="HotSpot 64-Bit Tiered Compilers"/>
    <property name="os.version" value="3.8.0-33-generic"/>
    <property name="user.home" value="/home/oilnyt"/>
    <property name="user.timezone" value="Europe/Kiev"/>
    <property name="java.awt.printerjob" value="sun.print.PSPrinterJob"/>
    <property name="file.encoding" value="UTF-8"/>
    <property name="java.specification.version" value="1.6"/>
    <property name="user.name" value="oilnyt"/>
    <property name="java.class.path" value="/home/oilnyt/IdeaProjects/MySecondProject/target/test-classes:/home/oilnyt/IdeaProjects/MySecondProject/target/classes:/home/oilnyt/.m2/repository/org/seleniumhq/selenium/selenium-java/2.37.1/selenium-java-2.37.1.jar:/home/oilnyt/.m2/repository/org/seleniumhq/selenium/selenium-android-driver/2.37.1/selenium-android-driver-2.37.1.jar:/home/oilnyt/.m2/repository/org/seleniumhq/selenium/selenium-remote-driver/2.37.1/selenium-remote-driver-2.37.1.jar:/home/oilnyt/.m2/repository/cglib/cglib-nodep/2.1_3/cglib-nodep-2.1_3.jar:/home/oilnyt/.m2/repository/org/json/json/20080701/json-20080701.jar:/home/oilnyt/.m2/repository/com/google/guava/guava/15.0/guava-15.0.jar:/home/oilnyt/.m2/repository/org/seleniumhq/selenium/selenium-chrome-driver/2.37.1/selenium-chrome-driver-2.37.1.jar:/home/oilnyt/.m2/repository/org/seleniumhq/selenium/selenium-htmlunit-driver/2.37.1/selenium-htmlunit-driver-2.37.1.jar:/home/oilnyt/.m2/repository/net/sourceforge/htmlunit/htmlunit/2.13/htmlunit-2.13.jar:/home/oilnyt/.m2/repository/xalan/xalan/2.7.1/xalan-2.7.1.jar:/home/oilnyt/.m2/repository/xalan/serializer/2.7.1/serializer-2.7.1.jar:/home/oilnyt/.m2/repository/commons-collections/commons-collections/3.2.1/commons-collections-3.2.1.jar:/home/oilnyt/.m2/repository/org/apache/commons/commons-lang3/3.1/commons-lang3-3.1.jar:/home/oilnyt/.m2/repository/org/apache/httpcomponents/httpmime/4.3.1/httpmime-4.3.1.jar:/home/oilnyt/.m2/repository/commons-codec/commons-codec/1.8/commons-codec-1.8.jar:/home/oilnyt/.m2/repository/net/sourceforge/htmlunit/htmlunit-core-js/2.13/htmlunit-core-js-2.13.jar:/home/oilnyt/.m2/repository/xerces/xercesImpl/2.11.0/xercesImpl-2.11.0.jar:/home/oilnyt/.m2/repository/xml-apis/xml-apis/1.4.01/xml-apis-1.4.01.jar:/home/oilnyt/.m2/repository/net/sourceforge/nekohtml/nekohtml/1.9.19/nekohtml-1.9.19.jar:/home/oilnyt/.m2/repository/net/sourceforge/cssparser/cssparser/0.9.11/cssparser-0.9.11.jar:/home/oilnyt/.m2/repository/org/w3c/css/sac/1.3/sac-1.3.jar:/home/oilnyt/.m2/repository/commons-logging/commons-logging/1.1.3/commons-logging-1.1.3.jar:/home/oilnyt/.m2/repository/org/eclipse/jetty/jetty-websocket/8.1.12.v20130726/jetty-websocket-8.1.12.v20130726.jar:/home/oilnyt/.m2/repository/org/eclipse/jetty/jetty-util/8.1.12.v20130726/jetty-util-8.1.12.v20130726.jar:/home/oilnyt/.m2/repository/org/eclipse/jetty/jetty-io/8.1.12.v20130726/jetty-io-8.1.12.v20130726.jar:/home/oilnyt/.m2/repository/org/eclipse/jetty/jetty-http/8.1.12.v20130726/jetty-http-8.1.12.v20130726.jar:/home/oilnyt/.m2/repository/org/apache/httpcomponents/httpclient/4.3/httpclient-4.3.jar:/home/oilnyt/.m2/repository/org/apache/httpcomponents/httpcore/4.3/httpcore-4.3.jar:/home/oilnyt/.m2/repository/org/seleniumhq/selenium/selenium-firefox-driver/2.37.1/selenium-firefox-driver-2.37.1.jar:/home/oilnyt/.m2/repository/commons-io/commons-io/2.2/commons-io-2.2.jar:/home/oilnyt/.m2/repository/org/apache/commons/commons-exec/1.1/commons-exec-1.1.jar:/home/oilnyt/.m2/repository/org/seleniumhq/selenium/selenium-ie-driver/2.37.1/selenium-ie-driver-2.37.1.jar:/home/oilnyt/.m2/repository/net/java/dev/jna/jna/3.4.0/jna-3.4.0.jar:/home/oilnyt/.m2/repository/net/java/dev/jna/platform/3.4.0/platform-3.4.0.jar:/home/oilnyt/.m2/repository/org/seleniumhq/selenium/selenium-iphone-driver/2.37.1/selenium-iphone-driver-2.37.1.jar:/home/oilnyt/.m2/repository/org/seleniumhq/selenium/selenium-safari-driver/2.37.1/selenium-safari-driver-2.37.1.jar:/home/oilnyt/.m2/repository/org/seleniumhq/selenium/selenium-support/2.37.1/selenium-support-2.37.1.jar:/home/oilnyt/.m2/repository/org/seleniumhq/selenium/selenium-api/2.37.1/selenium-api-2.37.1.jar:/home/oilnyt/.m2/repository/org/webbitserver/webbit/0.4.14/webbit-0.4.14.jar:/home/oilnyt/.m2/repository/io/netty/netty/3.5.2.Final/netty-3.5.2.Final.jar:/home/oilnyt/.m2/repository/org/testng/testng/6.3.1/testng-6.3.1.jar:/home/oilnyt/.m2/repository/org/beanshell/bsh/2.0b4/bsh-2.0b4.jar:/home/oilnyt/.m2/repository/com/beust/jcommander/1.12/jcommander-1.12.jar:/home/oilnyt/.m2/repository/org/yaml/snakeyaml/1.6/snakeyaml-1.6.jar:/home/oilnyt/.m2/repository/junit/junit/4.11/junit-4.11.jar:/home/oilnyt/.m2/repository/org/hamcrest/hamcrest-core/1.3/hamcrest-core-1.3.jar:/home/oilnyt/.m2/repository/org/uncommons/reportng/1.1.2/reportng-1.1.2.jar:/home/oilnyt/.m2/repository/velocity/velocity/1.4/velocity-1.4.jar:/home/oilnyt/.m2/repository/velocity/velocity-dep/1.4/velocity-dep-1.4.jar:/home/oilnyt/.m2/repository/com/google/inject/guice/3.0/guice-3.0.jar:/home/oilnyt/.m2/repository/javax/inject/javax.inject/1/javax.inject-1.jar:/home/oilnyt/.m2/repository/aopalliance/aopalliance/1.0/aopalliance-1.0.jar:"/>
    <property name="java.vm.specification.version" value="1.0"/>
    <property name="sun.arch.data.model" value="64"/>
    <property name="java.home" value="/usr/lib/jvm/java-6-oracle/jre"/>
    <property name="sun.java.command" value="/tmp/surefirebooter3396039815168263162.jar /tmp/surefire7408014232441502091tmp /tmp/surefire5218897335444212514tmp"/>
    <property name="java.specification.vendor" value="Sun Microsystems Inc."/>
    <property name="user.language" value="en"/>
    <property name="java.vm.info" value="mixed mode"/>
    <property name="java.version" value="1.6.0_45"/>
    <property name="java.ext.dirs" value="/usr/lib/jvm/java-6-oracle/jre/lib/ext:/usr/java/packages/lib/ext"/>
    <property name="sun.boot.class.path" value="/usr/lib/jvm/java-6-oracle/jre/lib/resources.jar:/usr/lib/jvm/java-6-oracle/jre/lib/rt.jar:/usr/lib/jvm/java-6-oracle/jre/lib/sunrsasign.jar:/usr/lib/jvm/java-6-oracle/jre/lib/jsse.jar:/usr/lib/jvm/java-6-oracle/jre/lib/jce.jar:/usr/lib/jvm/java-6-oracle/jre/lib/charsets.jar:/usr/lib/jvm/java-6-oracle/jre/lib/modules/jdk.boot.jar:/usr/lib/jvm/java-6-oracle/jre/classes"/>
    <property name="java.vendor" value="Sun Microsystems Inc."/>
    <property name="localRepository" value="/home/oilnyt/.m2/repository"/>
    <property name="file.separator" value="/"/>
    <property name="java.vendor.url.bug" value="http://java.sun.com/cgi-bin/bugreport.cgi"/>
    <property name="sun.cpu.endian" value="little"/>
    <property name="sun.io.unicode.encoding" value="UnicodeLittle"/>
    <property name="sun.desktop" value="gnome"/>
    <property name="sun.cpu.isalist" value=""/>
  </properties>
  <testcase time="15.07" classname="com.softserveinc.mysecondproject.TestNgExample" name="VerifyOffersTitle">
    <failure message="Recent merchant&apos;s offer doesn&apos;t equal to offer displayed on the main page" type="java.lang.AssertionError">java.lang.AssertionError: Recent merchant&apos;s offer doesn&apos;t equal to offer displayed on the main page
	at org.junit.Assert.fail(Assert.java:88)
	at org.junit.Assert.assertTrue(Assert.java:41)
	at com.softserveinc.mysecondproject.TestNgExample.VerifyOffersTitle(TestNgExample.java:43)
</failure>
  </testcase>
</testsuite>